\BOOKMARK [0][-]{chapter*.1}{\376\377\000A\000c\000k\000n\000o\000w\000l\000e\000d\000g\000m\000e\000n\000t\000s}{}% 1
\BOOKMARK [0][-]{chapter*.2}{\376\377\000P\000r\000e\000f\000a\000c\000e}{}% 2
\BOOKMARK [1][-]{section*.3}{\376\377\000W\000h\000y\000\040\000d\000i\000d\000\040\000y\000o\000u\000\040\000w\000r\000i\000t\000e\000\040\000t\000h\000i\000s\000\040\000t\000e\000x\000t\000?}{chapter*.2}% 3
\BOOKMARK [1][-]{section*.4}{\376\377\000N\000o\000,\000\040\000r\000e\000a\000l\000l\000y\000,\000\040\000w\000h\000y\000\040\000d\000i\000d\000\040\000y\000o\000u\000\040\000w\000r\000i\000t\000e\000\040\000t\000h\000i\000s\000\040\000t\000e\000x\000t\000?}{chapter*.2}% 4
\BOOKMARK [1][-]{section*.5}{\376\377\000W\000h\000a\000t\000\040\000i\000n\000s\000t\000r\000u\000c\000t\000i\000o\000n\000a\000l\000\040\000v\000a\000l\000u\000e\000\040\000d\000o\000e\000s\000\040\000t\000h\000i\000s\000\040\000t\000e\000x\000t\000\040\000o\000f\000f\000e\000r\000?}{chapter*.2}% 5
\BOOKMARK [1][-]{section*.9}{\376\377\000A\000r\000e\000n\000'\000t\000\040\000t\000h\000e\000r\000e\000\040\000a\000l\000r\000e\000a\000d\000y\000\040\000s\000o\000m\000e\000\040\000g\000o\000o\000d\000\040\000r\000e\000f\000e\000r\000e\000n\000c\000e\000s\000\040\000o\000n\000\040\000S\000a\000g\000e\000?}{chapter*.2}% 6
\BOOKMARK [1][-]{section*.12}{\376\377\000H\000o\000w\000\040\000d\000o\000\040\000y\000o\000u\000\040\000t\000y\000p\000i\000c\000a\000l\000l\000y\000\040\000r\000u\000n\000\040\000t\000h\000i\000s\000\040\000c\000o\000u\000r\000s\000e\000?}{chapter*.2}% 7
\BOOKMARK [1][-]{section*.13}{\376\377\000W\000h\000y\000\040\000t\000h\000i\000s\000\040\000a\000p\000p\000r\000o\000a\000c\000h\000?}{chapter*.2}% 8
\BOOKMARK [1][-]{section*.15}{\376\377\000A\000n\000y\000\040\000l\000a\000s\000t\000\040\000w\000o\000r\000d\000s\000?}{chapter*.2}% 9
\BOOKMARK [-1][-]{part.20}{\376\377\000P\000a\000r\000t\000\040\0001\000.\000\040\000\040\000A\000\040\000H\000i\000t\000c\000h\000h\000i\000k\000e\000r\000'\000s\000\040\000G\000u\000i\000d\000e\000\040\000t\000o\000\040\000A\000d\000v\000a\000n\000c\000e\000d\000\040\000M\000a\000t\000h\000e\000m\000a\000t\000i\000c\000s}{}% 10
\BOOKMARK [0][-]{chapter.21}{\376\377\000C\000h\000a\000p\000t\000e\000r\000\040\0001\000.\000\040\000B\000a\000c\000k\000g\000r\000o\000u\000n\000d}{part.20}% 11
\BOOKMARK [1][-]{section*.22}{\376\377\000I\000s\000\040\000t\000h\000i\000s\000\040\000j\000u\000s\000t\000\040\000a\000n\000o\000t\000h\000e\000r\000\040\000p\000r\000o\000g\000r\000a\000m\000m\000i\000n\000g\000\040\000t\000e\000x\000t\000b\000o\000o\000k\000?}{chapter.21}% 12
\BOOKMARK [1][-]{section*.31}{\376\377\000W\000h\000a\000t\000\040\000i\000s\000\040\000t\000h\000i\000s\000\040\000S\000a\000g\000e\000\040\000t\000h\000i\000n\000g\000\040\000y\000o\000u\000\040\000k\000e\000e\000p\000\040\000y\000a\000p\000p\000i\000n\000g\000\040\000a\000b\000o\000u\000t\000?}{chapter.21}% 13
\BOOKMARK [1][-]{section*.37}{\376\377\000H\000o\000w\000\040\000d\000o\000\040\000I\000\040\000g\000e\000t\000\040\000g\000o\000i\000n\000g\000\040\000w\000i\000t\000h\000\040\000S\000a\000g\000e\000?}{chapter.21}% 14
\BOOKMARK [1][-]{section*.39}{\376\377\000W\000o\000r\000k\000s\000h\000e\000e\000t\000\040\000o\000r\000\040\000c\000o\000m\000m\000a\000n\000d\000-\000l\000i\000n\000e\000?}{chapter.21}% 15
\BOOKMARK [1][-]{section*.43}{\376\377\000G\000e\000t\000t\000i\000n\000g\000\040\000h\000e\000l\000p}{chapter.21}% 16
\BOOKMARK [1][-]{section*.48}{\376\377\000E\000x\000e\000r\000c\000i\000s\000e\000s}{chapter.21}% 17
\BOOKMARK [0][-]{chapter.52}{\376\377\000C\000h\000a\000p\000t\000e\000r\000\040\0002\000.\000\040\000B\000a\000s\000i\000c\000\040\000c\000o\000m\000p\000u\000t\000a\000t\000i\000o\000n\000s}{part.20}% 18
\BOOKMARK [1][-]{section*.54}{\376\377\000Y\000e\000r\000\040\000b\000a\000s\000i\000c\000\040\000a\000r\000i\000t\000h\000m\000e\000t\000i\000c}{chapter.52}% 19
\BOOKMARK [1][-]{section*.63}{\376\377\000C\000o\000n\000s\000t\000a\000n\000t\000s\000,\000\040\000v\000a\000r\000i\000a\000b\000l\000e\000s\000,\000\040\000a\000n\000d\000\040\000i\000n\000d\000e\000t\000e\000r\000m\000i\000n\000a\000t\000e\000s}{chapter.52}% 20
\BOOKMARK [1][-]{section*.68}{\376\377\000E\000x\000p\000r\000e\000s\000s\000i\000o\000n\000s\000,\000\040\000a\000n\000d\000\040\000c\000o\000m\000m\000a\000n\000d\000s\000\040\000t\000o\000\040\000m\000a\000n\000i\000p\000u\000l\000a\000t\000e\000\040\000t\000h\000e\000m}{chapter.52}% 21
\BOOKMARK [1][-]{section*.79}{\376\377\000Y\000e\000r\000\040\000b\000a\000s\000i\000c\000\040\000C\000a\000l\000c\000u\000l\000u\000s}{chapter.52}% 22
\BOOKMARK [1][-]{section*.93}{\376\377\000M\000a\000t\000h\000e\000m\000a\000t\000i\000c\000a\000l\000\040\000s\000t\000r\000u\000c\000t\000u\000r\000e\000s\000\040\000i\000n\000\040\000S\000a\000g\000e}{chapter.52}% 23
\BOOKMARK [1][-]{section*.101}{\376\377\000E\000x\000e\000r\000c\000i\000s\000e\000s}{chapter.52}% 24
\BOOKMARK [0][-]{chapter.107}{\376\377\000C\000h\000a\000p\000t\000e\000r\000\040\0003\000.\000\040\000P\000r\000e\000t\000t\000y\000\040\000\050\000a\000n\000d\000\040\000n\000o\000t\000-\000s\000o\000-\000p\000r\000e\000t\000t\000y\000\051\000\040\000p\000i\000c\000t\000u\000r\000e\000s}{part.20}% 25
\BOOKMARK [1][-]{section*.108}{\376\377\0002\000D\000\040\000o\000b\000j\000e\000c\000t\000s}{chapter.107}% 26
\BOOKMARK [1][-]{section*.133}{\376\377\0002\000D\000\040\000p\000l\000o\000t\000s}{chapter.107}% 27
\BOOKMARK [1][-]{section*.140}{\376\377\000A\000n\000i\000m\000a\000t\000i\000o\000n}{chapter.107}% 28
\BOOKMARK [1][-]{section*.143}{\376\377\000I\000m\000p\000l\000i\000c\000i\000t\000\040\000p\000l\000o\000t\000s}{chapter.107}% 29
\BOOKMARK [1][-]{section*.146}{\376\377\000E\000x\000e\000r\000c\000i\000s\000e\000s}{chapter.107}% 30
\BOOKMARK [0][-]{chapter.151}{\376\377\000C\000h\000a\000p\000t\000e\000r\000\040\0004\000.\000\040\000D\000e\000f\000i\000n\000i\000n\000g\000\040\000y\000o\000u\000r\000\040\000o\000w\000n\000\040\000p\000r\000o\000c\000e\000d\000u\000r\000e\000s}{part.20}% 31
\BOOKMARK [1][-]{section*.152}{\376\377\000D\000e\000f\000i\000n\000i\000n\000g\000\040\000a\000\040\000p\000r\000o\000c\000e\000d\000u\000r\000e}{chapter.151}% 32
\BOOKMARK [1][-]{section*.158}{\376\377\000A\000r\000g\000u\000m\000e\000n\000t\000s}{chapter.151}% 33
\BOOKMARK [1][-]{section*.164}{\376\377\000A\000n\000\040\000e\000n\000d\000\040\000t\000o\000\040\000d\000y\000s\000f\000u\000n\000c\000t\000i\000o\000n\000a\000l\000\040\000c\000o\000m\000m\000u\000n\000i\000c\000a\000t\000i\000o\000n}{chapter.151}% 34
\BOOKMARK [1][-]{section*.170}{\376\377\000P\000s\000e\000u\000d\000o\000c\000o\000d\000e}{chapter.151}% 35
\BOOKMARK [1][-]{section*.175}{\376\377\000S\000c\000r\000i\000p\000t\000i\000n\000g}{chapter.151}% 36
\BOOKMARK [1][-]{section*.178}{\376\377\000I\000n\000t\000e\000r\000a\000c\000t\000i\000v\000e\000\040\000w\000o\000r\000k\000s\000h\000e\000e\000t\000s}{chapter.151}% 37
\BOOKMARK [1][-]{section*.183}{\376\377\000E\000x\000e\000r\000c\000i\000s\000e\000s}{chapter.151}% 38
\BOOKMARK [0][-]{chapter.189}{\376\377\000C\000h\000a\000p\000t\000e\000r\000\040\0005\000.\000\040\000R\000e\000p\000e\000a\000t\000i\000n\000g\000\040\000y\000o\000u\000r\000s\000e\000l\000f\000\040\000d\000e\000f\000i\000n\000i\000t\000e\000l\000y\000\040\000w\000i\000t\000h\000\040\000c\000o\000l\000l\000e\000c\000t\000i\000o\000n\000s}{part.20}% 39
\BOOKMARK [1][-]{section*.191}{\376\377\000H\000o\000w\000\040\000t\000o\000\040\000m\000a\000k\000e\000\040\000a\000\040\000c\000o\000m\000p\000u\000t\000e\000r\000\040\000r\000e\000p\000e\000a\000t\000\040\000a\000\040\000f\000i\000x\000e\000d\000\040\000n\000u\000m\000b\000e\000r\000\040\000o\000f\000\040\000t\000i\000m\000e\000s\000?}{chapter.189}% 40
\BOOKMARK [1][-]{section*.196}{\376\377\000H\000o\000w\000\040\000d\000o\000e\000s\000\040\000t\000h\000i\000s\000\040\000w\000o\000r\000k\000?\000\040\000o\000r\000,\000\040\000a\000n\000\040\000i\000n\000t\000r\000o\000d\000u\000c\000t\000i\000o\000n\000\040\000t\000o\000\040\000c\000o\000l\000l\000e\000c\000t\000i\000o\000n\000s}{chapter.189}% 41
\BOOKMARK [1][-]{section*.211}{\376\377\000R\000e\000p\000e\000a\000t\000i\000n\000g\000\040\000o\000v\000e\000r\000\040\000a\000\040\000c\000o\000l\000l\000e\000c\000t\000i\000o\000n}{chapter.189}% 42
\BOOKMARK [1][-]{section*.223}{\376\377\000C\000o\000m\000p\000r\000e\000h\000e\000n\000s\000i\000o\000n\000s\000:\000\040\000r\000e\000p\000e\000a\000t\000i\000n\000g\000\040\000i\000n\000\040\000a\000\040\000c\000o\000l\000l\000e\000c\000t\000i\000o\000n}{chapter.189}% 43
\BOOKMARK [1][-]{section*.224}{\376\377\000A\000n\000i\000m\000a\000t\000i\000o\000n\000\040\000a\000g\000a\000i\000n}{chapter.189}% 44
\BOOKMARK [1][-]{section*.225}{\376\377\000E\000x\000e\000r\000c\000i\000s\000e\000s}{chapter.189}% 45
\BOOKMARK [0][-]{chapter.233}{\376\377\000C\000h\000a\000p\000t\000e\000r\000\040\0006\000.\000\040\000S\000o\000l\000v\000i\000n\000g\000\040\000e\000q\000u\000a\000t\000i\000o\000n\000s}{part.20}% 46
\BOOKMARK [1][-]{section*.234}{\376\377\000T\000h\000e\000\040\000b\000a\000s\000i\000c\000s}{chapter.233}% 47
\BOOKMARK [1][-]{section*.235}{\376\377\000O\000n\000e\000\040\000e\000q\000u\000a\000t\000i\000o\000n\000\040\000o\000r\000\040\000i\000n\000e\000q\000u\000a\000l\000i\000t\000y\000,\000\040\000f\000o\000r\000\040\000o\000n\000e\000\040\000i\000n\000d\000e\000t\000e\000r\000m\000i\000n\000a\000t\000e}{chapter.233}% 48
\BOOKMARK [1][-]{section*.242}{\376\377\000M\000i\000s\000t\000a\000k\000e\000s\000\040\000o\000r\000\040\000s\000u\000r\000p\000r\000i\000s\000e\000s\000\040\000t\000h\000a\000t\000\040\000a\000r\000i\000s\000e\000\040\000w\000h\000e\000n\000\040\000s\000o\000l\000v\000i\000n\000g}{chapter.233}% 49
\BOOKMARK [1][-]{section*.243}{\376\377\000A\000p\000p\000r\000o\000x\000i\000m\000a\000t\000e\000\040\000s\000o\000l\000u\000t\000i\000o\000n\000s\000\040\000t\000o\000\040\000a\000n\000\040\000e\000q\000u\000a\000t\000i\000o\000n}{chapter.233}% 50
\BOOKMARK [1][-]{section*.244}{\376\377\000S\000y\000s\000t\000e\000m\000s\000\040\000o\000f\000\040\000e\000q\000u\000a\000t\000i\000o\000n\000s}{chapter.233}% 51
\BOOKMARK [1][-]{section*.245}{\376\377\000M\000a\000t\000r\000i\000c\000e\000s}{chapter.233}% 52
\BOOKMARK [1][-]{section*.252}{\376\377\000E\000x\000e\000r\000c\000i\000s\000e\000s}{chapter.233}% 53
\BOOKMARK [0][-]{chapter.256}{\376\377\000C\000h\000a\000p\000t\000e\000r\000\040\0007\000.\000\040\000D\000e\000c\000i\000s\000i\000o\000n\000-\000m\000a\000k\000i\000n\000g}{part.20}% 54
\BOOKMARK [1][-]{section*.260}{\376\377\000T\000h\000e\000\040\000m\000e\000t\000h\000o\000d\000\040\000o\000f\000\040\000b\000i\000s\000e\000c\000t\000i\000o\000n}{chapter.256}% 55
\BOOKMARK [1][-]{section*.262}{\376\377\000B\000o\000o\000l\000e\000a\000n\000\040\000l\000o\000g\000i\000c}{chapter.256}% 56
\BOOKMARK [1][-]{section*.269}{\376\377\000B\000r\000e\000a\000k\000i\000n\000g\000\040\000a\000\040\000l\000o\000o\000p}{chapter.256}% 57
\BOOKMARK [1][-]{section*.270}{\376\377\000E\000x\000c\000e\000p\000t\000i\000o\000n\000s}{chapter.256}% 58
\BOOKMARK [1][-]{section*.276}{\376\377\000E\000x\000e\000r\000c\000i\000s\000e\000s}{chapter.256}% 59
\BOOKMARK [0][-]{chapter.281}{\376\377\000C\000h\000a\000p\000t\000e\000r\000\040\0008\000.\000\040\000R\000e\000p\000e\000a\000t\000i\000n\000g\000\040\000y\000o\000u\000r\000s\000e\000l\000f\000\040\000i\000n\000d\000e\000f\000i\000n\000i\000t\000e\000l\000y}{part.20}% 60
\BOOKMARK [1][-]{section*.284}{\376\377\000I\000m\000p\000l\000e\000m\000e\000n\000t\000i\000n\000g\000\040\000a\000n\000\040\000i\000n\000d\000e\000f\000i\000n\000i\000t\000e\000\040\000l\000o\000o\000p}{chapter.281}% 61
\BOOKMARK [1][-]{section*.291}{\376\377\000W\000h\000a\000t\000\040\000c\000o\000u\000l\000d\000\040\000p\000o\000s\000s\000i\000b\000l\000y\000\040\000g\000o\000\040\000w\000r\000o\000n\000g\000?}{chapter.281}% 62
\BOOKMARK [1][-]{section*.293}{\376\377\000D\000i\000v\000i\000s\000i\000o\000n\000\040\000o\000f\000\040\000G\000a\000u\000s\000s\000i\000a\000n\000\040\000i\000n\000t\000e\000g\000e\000r\000s}{chapter.281}% 63
\BOOKMARK [1][-]{section*.296}{\376\377\000E\000x\000e\000r\000c\000i\000s\000e\000s}{chapter.281}% 64
\BOOKMARK [0][-]{chapter.302}{\376\377\000C\000h\000a\000p\000t\000e\000r\000\040\0009\000.\000\040\000R\000e\000p\000e\000a\000t\000i\000n\000g\000\040\000y\000o\000u\000r\000s\000e\000l\000f\000\040\000i\000n\000d\000u\000c\000t\000i\000v\000e\000l\000y}{part.20}% 65
\BOOKMARK [1][-]{section*.303}{\376\377\000R\000e\000c\000u\000r\000s\000i\000o\000n}{chapter.302}% 66
\BOOKMARK [1][-]{section*.312}{\376\377\000A\000l\000t\000e\000r\000n\000a\000t\000i\000v\000e\000s\000\040\000t\000o\000\040\000r\000e\000c\000u\000r\000s\000i\000o\000n}{chapter.302}% 67
\BOOKMARK [1][-]{section*.322}{\376\377\000E\000x\000e\000r\000c\000i\000s\000e\000s}{chapter.302}% 68
\BOOKMARK [0][-]{chapter.330}{\376\377\000C\000h\000a\000p\000t\000e\000r\000\040\0001\0000\000.\000\040\000M\000a\000k\000i\000n\000g\000\040\000y\000o\000u\000r\000\040\000p\000i\000c\000t\000u\000r\000e\000s\000\040\0003\000-\000d\000i\000m\000e\000n\000s\000i\000o\000n\000a\000l}{part.20}% 69
\BOOKMARK [1][-]{section*.331}{\376\377\0003\000D\000\040\000o\000b\000j\000e\000c\000t\000s}{chapter.330}% 70
\BOOKMARK [1][-]{section*.334}{\376\377\000B\000a\000s\000i\000c\000\040\0003\000D\000\040\000p\000l\000o\000t\000s}{chapter.330}% 71
\BOOKMARK [1][-]{section*.339}{\376\377\000A\000d\000v\000a\000n\000c\000e\000d\000\040\000t\000o\000o\000l\000s\000\040\000f\000o\000r\000\040\0003\000d\000\040\000p\000l\000o\000t\000s}{chapter.330}% 72
\BOOKMARK [1][-]{section*.344}{\376\377\000A\000s\000c\000e\000n\000d\000i\000n\000g\000\040\000a\000\040\000h\000i\000l\000l}{chapter.330}% 73
\BOOKMARK [1][-]{section*.346}{\376\377\000E\000x\000e\000r\000c\000i\000s\000e\000s}{chapter.330}% 74
\BOOKMARK [0][-]{chapter.351}{\376\377\000C\000h\000a\000p\000t\000e\000r\000\040\0001\0001\000.\000\040\000A\000d\000v\000a\000n\000c\000e\000d\000\040\000T\000e\000c\000h\000n\000i\000q\000u\000e\000s}{part.20}% 75
\BOOKMARK [1][-]{section*.352}{\376\377\000M\000a\000k\000i\000n\000g\000\040\000y\000o\000u\000r\000\040\000o\000w\000n\000\040\000o\000b\000j\000e\000c\000t\000s}{chapter.351}% 76
\BOOKMARK [1][-]{section*.367}{\376\377\000C\000y\000t\000h\000o\000n}{chapter.351}% 77
\BOOKMARK [1][-]{section*.372}{\376\377\000E\000x\000e\000r\000c\000i\000s\000e\000s}{chapter.351}% 78
\BOOKMARK [0][-]{chapter.377}{\376\377\000C\000h\000a\000p\000t\000e\000r\000\040\0001\0002\000.\000\040\000U\000s\000e\000f\000u\000l\000\040\000L\000a\000T\000e\000X}{part.20}% 79
\BOOKMARK [1][-]{section*.378}{\376\377\000B\000a\000s\000i\000c\000\040\000c\000o\000m\000m\000a\000n\000d\000s}{chapter.377}% 80
\BOOKMARK [1][-]{section*.381}{\376\377\000D\000e\000l\000i\000m\000i\000t\000e\000r\000s}{chapter.377}% 81
\BOOKMARK [1][-]{section*.382}{\376\377\000M\000a\000t\000r\000i\000c\000e\000s}{chapter.377}% 82
\BOOKMARK [-1][-]{part.383}{\376\377\000P\000a\000r\000t\000\040\0002\000.\000\040\000\040\000E\000n\000c\000y\000c\000l\000o\000p\000\346\000d\000i\000a\000\040\000L\000a\000b\000o\000r\000a\000t\000o\000r\000i\000c\000a}{}% 83
\BOOKMARK [0][-]{chapter*.384}{\376\377\000P\000r\000e\000r\000e\000q\000u\000i\000s\000i\000t\000e\000s\000\040\000f\000o\000r\000\040\000e\000a\000c\000h\000\040\000l\000a\000b}{part.383}% 84
\BOOKMARK [0][-]{chapter*.385}{\376\377\000G\000e\000n\000e\000r\000a\000l\000\040\000m\000a\000t\000h\000e\000m\000a\000t\000i\000c\000s}{part.383}% 85
\BOOKMARK [1][-]{section*.386}{\376\377\000I\000r\000r\000e\000d\000u\000c\000i\000b\000l\000e\000\040\000p\000o\000l\000y\000n\000o\000m\000i\000a\000l\000s}{chapter*.385}% 86
\BOOKMARK [1][-]{section*.388}{\376\377\000V\000a\000r\000i\000o\000u\000s\000\040\000k\000i\000n\000d\000s\000\040\000o\000f\000\040\000p\000l\000o\000t\000s}{chapter*.385}% 87
\BOOKMARK [1][-]{section*.394}{\376\377\000C\000a\000u\000c\000h\000y\000,\000\040\000t\000h\000e\000\040\000c\000i\000r\000c\000l\000e\000,\000\040\000a\000n\000d\000\040\000t\000h\000e\000\040\000c\000r\000o\000s\000s\000i\000n\000g\000\040\000p\000a\000r\000a\000b\000o\000l\000a}{chapter*.385}% 88
\BOOKMARK [0][-]{chapter*.395}{\376\377\000C\000a\000l\000c\000u\000l\000u\000s\000\040\000a\000n\000d\000\040\000D\000i\000f\000f\000e\000r\000e\000n\000t\000i\000a\000l\000\040\000E\000q\000u\000a\000t\000i\000o\000n\000s}{part.383}% 89
\BOOKMARK [1][-]{section*.396}{\376\377\000A\000n\000\040\000i\000m\000p\000o\000r\000t\000a\000n\000t\000\040\000d\000i\000f\000f\000e\000r\000e\000n\000c\000e\000\040\000q\000u\000o\000t\000i\000e\000n\000t}{chapter*.395}% 90
\BOOKMARK [1][-]{section*.397}{\376\377\000I\000l\000l\000u\000s\000t\000r\000a\000t\000i\000n\000g\000\040\000C\000a\000l\000c\000u\000l\000u\000s}{chapter*.395}% 91
\BOOKMARK [1][-]{section*.402}{\376\377\000S\000i\000m\000p\000s\000o\000n\000'\000s\000\040\000R\000u\000l\000e}{chapter*.395}% 92
\BOOKMARK [1][-]{section*.403}{\376\377\000T\000h\000e\000\040\000R\000u\000n\000g\000e\000-\000K\000u\000t\000t\000a\000\040\000m\000e\000t\000h\000o\000d}{chapter*.395}% 93
\BOOKMARK [1][-]{section*.404}{\376\377\000M\000a\000c\000l\000a\000u\000r\000i\000n\000\040\000c\000o\000e\000f\000f\000i\000c\000i\000e\000n\000t\000s}{chapter*.395}% 94
\BOOKMARK [1][-]{section*.405}{\376\377\000p\000-\000s\000e\000r\000i\000e\000s}{chapter*.395}% 95
\BOOKMARK [1][-]{section*.406}{\376\377\000O\000f\000f\000\040\000o\000n\000\040\000a\000\040\000t\000a\000n\000g\000e\000n\000t}{chapter*.395}% 96
\BOOKMARK [1][-]{section*.407}{\376\377\000C\000r\000o\000s\000s\000i\000n\000g\000\040\000a\000t\000\040\000a\000n\000\040\000a\000n\000g\000l\000e}{chapter*.395}% 97
\BOOKMARK [1][-]{section*.408}{\376\377\000M\000a\000x\000i\000m\000a\000\040\000a\000n\000d\000\040\000M\000i\000n\000i\000m\000a\000\040\000i\000n\000\040\0003\000D}{chapter*.395}% 98
\BOOKMARK [0][-]{chapter*.409}{\376\377\000L\000i\000n\000e\000a\000r\000\040\000A\000l\000g\000e\000b\000r\000a}{part.383}% 99
\BOOKMARK [1][-]{section*.410}{\376\377\000A\000l\000g\000e\000b\000r\000a\000i\000c\000\040\000a\000n\000d\000\040\000g\000e\000o\000m\000e\000t\000r\000i\000c\000\040\000p\000r\000o\000p\000e\000r\000t\000i\000e\000s\000\040\000o\000f\000\040\000l\000i\000n\000e\000a\000r\000\040\000s\000y\000s\000t\000e\000m\000s}{chapter*.409}% 100
\BOOKMARK [1][-]{section*.414}{\376\377\000T\000r\000a\000n\000s\000f\000o\000r\000m\000a\000t\000i\000o\000n\000\040\000m\000a\000t\000r\000i\000c\000e\000s}{chapter*.409}% 101
\BOOKMARK [1][-]{section*.415}{\376\377\000V\000i\000s\000u\000a\000l\000i\000z\000i\000n\000g\000\040\000e\000i\000g\000e\000n\000v\000a\000l\000u\000e\000s\000\040\000a\000n\000d\000\040\000e\000i\000g\000e\000n\000v\000e\000c\000t\000o\000r\000s}{chapter*.409}% 102
\BOOKMARK [1][-]{section*.416}{\376\377\000L\000e\000a\000s\000t\000\040\000s\000q\000u\000a\000r\000e\000s\000\040\000a\000v\000e\000r\000a\000g\000i\000n\000g}{chapter*.409}% 103
\BOOKMARK [1][-]{section*.417}{\376\377\000B\000a\000r\000e\000i\000s\000s\000'\000\040\000M\000e\000t\000h\000o\000d}{chapter*.409}% 104
\BOOKMARK [1][-]{section*.418}{\376\377\000D\000o\000d\000g\000s\000o\000n\000'\000s\000\040\000M\000e\000t\000h\000o\000d}{chapter*.409}% 105
\BOOKMARK [0][-]{chapter*.421}{\376\377\000D\000i\000s\000c\000r\000e\000t\000e\000\040\000M\000a\000t\000h\000e\000m\000a\000t\000i\000c\000s}{part.383}% 106
\BOOKMARK [1][-]{section*.422}{\376\377\000O\000n\000e\000-\000t\000o\000-\000o\000n\000e\000\040\000f\000u\000n\000c\000t\000i\000o\000n\000s}{chapter*.421}% 107
\BOOKMARK [1][-]{section*.423}{\376\377\000T\000h\000e\000\040\000S\000e\000t\000\040\000G\000a\000m\000e}{chapter*.421}% 108
\BOOKMARK [1][-]{section*.424}{\376\377\000T\000h\000e\000\040\000n\000u\000m\000b\000e\000r\000\040\000o\000f\000\040\000w\000a\000y\000s\000\040\000t\000o\000\040\000s\000e\000l\000e\000c\000t\000\040\000m\000\040\000e\000l\000e\000m\000e\000n\000t\000s\000\040\000f\000r\000o\000m\000\040\000a\000\040\000s\000e\000t\000\040\000o\000f\000\040\000n}{chapter*.421}% 109
\BOOKMARK [0][-]{chapter*.426}{\376\377\000A\000l\000g\000e\000b\000r\000a\000\040\000a\000n\000d\000\040\000N\000u\000m\000b\000e\000r\000\040\000T\000h\000e\000o\000r\000y}{part.383}% 110
\BOOKMARK [1][-]{section*.427}{\376\377\000P\000r\000o\000p\000e\000r\000t\000i\000e\000s\000\040\000o\000f\000\040\000f\000i\000n\000i\000t\000e\000\040\000r\000i\000n\000g\000s}{chapter*.426}% 111
\BOOKMARK [1][-]{section*.428}{\376\377\000T\000h\000e\000\040\000C\000h\000i\000n\000e\000s\000e\000\040\000R\000e\000m\000a\000i\000n\000d\000e\000r\000\040\000C\000l\000o\000c\000k}{chapter*.426}% 112
\BOOKMARK [1][-]{section*.433}{\376\377\000T\000h\000e\000\040\000g\000e\000o\000m\000e\000t\000r\000y\000\040\000o\000f\000\040\000r\000a\000d\000i\000c\000a\000l\000\040\000r\000o\000o\000t\000s}{chapter*.426}% 113
\BOOKMARK [1][-]{section*.435}{\376\377\000L\000u\000c\000a\000s\000\040\000s\000e\000q\000u\000e\000n\000c\000e\000s}{chapter*.426}% 114
\BOOKMARK [1][-]{section*.436}{\376\377\000I\000n\000t\000r\000o\000d\000u\000c\000t\000i\000o\000n\000\040\000t\000o\000\040\000G\000r\000o\000u\000p\000\040\000T\000h\000e\000o\000r\000y}{chapter*.426}% 115
\BOOKMARK [1][-]{section*.445}{\376\377\000C\000o\000d\000i\000n\000g\000\040\000t\000h\000e\000o\000r\000y\000\040\000a\000n\000d\000\040\000c\000r\000y\000p\000t\000o\000g\000r\000a\000p\000h\000y}{chapter*.426}% 116
\BOOKMARK [1][-]{section*.447}{\376\377\000C\000o\000n\000t\000i\000n\000u\000e\000d\000\040\000f\000r\000a\000c\000t\000i\000o\000n\000s}{chapter*.426}% 117
\BOOKMARK [0][-]{chapter*.448}{\376\377\000B\000i\000b\000l\000i\000o\000g\000r\000a\000p\000h\000y}{part.383}% 118
